<?xml version="1.0" encoding="UTF-8"?>
<testsuite name="com.leetcode.questions.deletemiddle.DeleteTheMiddleNodeOfALinkedListTest" tests="1" skipped="0" failures="0" errors="0" timestamp="2022-10-16T00:01:26" hostname="AORUS15PXD" time="0.159">
  <properties/>
  <testcase name="testDeleteMiddle()" classname="com.leetcode.questions.deletemiddle.DeleteTheMiddleNodeOfALinkedListTest" time="0.159"/>
  <system-out><![CDATA[]]></system-out>
  <system-err><![CDATA[]]></system-err>
</testsuite>
